<?xml version="1.0" encoding="UTF-8"?>
<!-- Generated by org.testng.reporters.JUnitXMLReporter -->
<testsuite ignored="0" hostname="LenovoThinkCentre" failures="0" tests="4" name="TestNG" time="23.429" errors="0" timestamp="2023-04-25T16:02:37 EDT">
  <testcase classname="testlayer.LoginTest" name="checkPageTitle" time="0.018"/>
  <testcase classname="testlayer.LoginTest" name="Login" time="2.154"/>
  <testcase classname="testlayer.LoginTest" name="Login" time="2.163"/>
  <testcase classname="testlayer.LoginTest" name="Login" time="2.146"/>
</testsuite> <!-- TestNG -->
