<?xml version="1.0" encoding="UTF-8"?>
<!-- Generated by org.testng.reporters.JUnitXMLReporter -->
<testsuite ignored="0" hostname="LenovoThinkCentre" failures="0" tests="4" name="Default test" time="25.623" errors="0" timestamp="2023-04-25T15:53:39 EDT">
  <testcase classname="testlayer.LoginTest" name="checkPageTitle" time="0.018"/>
  <testcase classname="testlayer.LoginTest" name="Login" time="2.168"/>
  <testcase classname="testlayer.LoginTest" name="Login" time="2.162"/>
  <testcase classname="testlayer.LoginTest" name="Login" time="2.15"/>
</testsuite> <!-- Default test -->
