<?xml version="1.0" encoding="UTF-8"?>
<testng-results ignored="0" total="4" passed="4" failed="0" skipped="0">
  <reporter-output>
  </reporter-output>
  <suite started-at="2023-04-25T16:02:13 EDT" name="OrangeHRM" finished-at="2023-04-25T16:02:37 EDT" duration-ms="23429">
    <groups>
    </groups>
    <test started-at="2023-04-25T16:02:13 EDT" name="TestNG" finished-at="2023-04-25T16:02:37 EDT" duration-ms="23429">
      <class name="testlayer.LoginTest">
        <test-method is-config="true" signature="initSetup()[pri:0, instance:testlayer.LoginTest@6adbc9d]" started-at="2023-04-25T16:02:13 EDT" name="initSetup" finished-at="2023-04-25T16:02:18 EDT" duration-ms="5129" status="PASS">
          <reporter-output>
          </reporter-output>
        </test-method> <!-- initSetup -->
        <test-method signature="checkPageTitle()[pri:1, instance:testlayer.LoginTest@6adbc9d]" started-at="2023-04-25T16:02:18 EDT" name="checkPageTitle" finished-at="2023-04-25T16:02:18 EDT" duration-ms="18" status="PASS">
          <reporter-output>
          </reporter-output>
        </test-method> <!-- checkPageTitle -->
        <test-method is-config="true" signature="closeBrowser()[pri:0, instance:testlayer.LoginTest@6adbc9d]" started-at="2023-04-25T16:02:18 EDT" name="closeBrowser" finished-at="2023-04-25T16:02:18 EDT" duration-ms="113" status="PASS">
          <reporter-output>
          </reporter-output>
        </test-method> <!-- closeBrowser -->
        <test-method is-config="true" signature="initSetup()[pri:0, instance:testlayer.LoginTest@6adbc9d]" started-at="2023-04-25T16:02:19 EDT" name="initSetup" finished-at="2023-04-25T16:02:23 EDT" duration-ms="3666" status="PASS">
          <reporter-output>
          </reporter-output>
        </test-method> <!-- initSetup -->
        <test-method signature="Login(java.lang.String,java.lang.String)[pri:2, instance:testlayer.LoginTest@6adbc9d]" started-at="2023-04-25T16:02:23 EDT" name="Login" data-provider="Details" finished-at="2023-04-25T16:02:25 EDT" duration-ms="2154" status="PASS">
          <params>
            <param index="0">
              <value>
                <![CDATA[Admin]]>
              </value>
            </param>
            <param index="1">
              <value>
                <![CDATA[admin123]]>
              </value>
            </param>
          </params>
          <reporter-output>
          </reporter-output>
        </test-method> <!-- Login -->
        <test-method is-config="true" signature="closeBrowser()[pri:0, instance:testlayer.LoginTest@6adbc9d]" started-at="2023-04-25T16:02:25 EDT" name="closeBrowser" finished-at="2023-04-25T16:02:25 EDT" duration-ms="103" status="PASS">
          <reporter-output>
          </reporter-output>
        </test-method> <!-- closeBrowser -->
        <test-method is-config="true" signature="initSetup()[pri:0, instance:testlayer.LoginTest@6adbc9d]" started-at="2023-04-25T16:02:25 EDT" name="initSetup" finished-at="2023-04-25T16:02:29 EDT" duration-ms="3580" status="PASS">
          <reporter-output>
          </reporter-output>
        </test-method> <!-- initSetup -->
        <test-method signature="Login(java.lang.String,java.lang.String)[pri:2, instance:testlayer.LoginTest@6adbc9d]" started-at="2023-04-25T16:02:29 EDT" name="Login" data-provider="Details" finished-at="2023-04-25T16:02:31 EDT" duration-ms="2163" status="PASS">
          <params>
            <param index="0">
              <value>
                <![CDATA[Admin]]>
              </value>
            </param>
            <param index="1">
              <value>
                <![CDATA[abcd]]>
              </value>
            </param>
          </params>
          <reporter-output>
          </reporter-output>
        </test-method> <!-- Login -->
        <test-method is-config="true" signature="closeBrowser()[pri:0, instance:testlayer.LoginTest@6adbc9d]" started-at="2023-04-25T16:02:31 EDT" name="closeBrowser" finished-at="2023-04-25T16:02:31 EDT" duration-ms="92" status="PASS">
          <reporter-output>
          </reporter-output>
        </test-method> <!-- closeBrowser -->
        <test-method is-config="true" signature="initSetup()[pri:0, instance:testlayer.LoginTest@6adbc9d]" started-at="2023-04-25T16:02:31 EDT" name="initSetup" finished-at="2023-04-25T16:02:34 EDT" duration-ms="3393" status="PASS">
          <reporter-output>
          </reporter-output>
        </test-method> <!-- initSetup -->
        <test-method signature="Login(java.lang.String,java.lang.String)[pri:2, instance:testlayer.LoginTest@6adbc9d]" started-at="2023-04-25T16:02:34 EDT" name="Login" data-provider="Details" finished-at="2023-04-25T16:02:36 EDT" duration-ms="2146" status="PASS">
          <params>
            <param index="0">
              <value>
                <![CDATA[scott]]>
              </value>
            </param>
            <param index="1">
              <value>
                <![CDATA[xyz]]>
              </value>
            </param>
          </params>
          <reporter-output>
          </reporter-output>
        </test-method> <!-- Login -->
        <test-method is-config="true" signature="closeBrowser()[pri:0, instance:testlayer.LoginTest@6adbc9d]" started-at="2023-04-25T16:02:36 EDT" name="closeBrowser" finished-at="2023-04-25T16:02:36 EDT" duration-ms="88" status="PASS">
          <reporter-output>
          </reporter-output>
        </test-method> <!-- closeBrowser -->
      </class> <!-- testlayer.LoginTest -->
    </test> <!-- TestNG -->
  </suite> <!-- OrangeHRM -->
</testng-results>
